2026-02-18 19:13:07,106 - INFO - Searching for news in meneame...
2026-02-18 19:13:07,956 - INFO - No interesting news found in meneame.
2026-02-18 19:13:07,957 - INFO - Searching for news in pwned...
2026-02-18 19:13:09,146 - INFO - No interesting news found in pwned.
2026-02-18 19:13:09,146 - INFO - Searching for news in databreaches...
2026-02-18 19:13:10,175 - INFO - No interesting news found in databreaches.
2026-02-18 19:13:10,175 - INFO - Searching for news in haveibeenpwned...
2026-02-18 19:13:10,575 - INFO - No interesting news found in haveibeenpwned.
2026-02-18 19:13:10,575 - INFO - Searching for news in ransomware...
2026-02-18 19:13:11,465 - INFO - Found interesting news in ransomware (keyword: incident): 🏴‍☠️ Ransomhouse has just published a new victim : [Internal database pack 4] Warren County Sheriff’s Office
2026-02-18 19:13:11,465 - INFO - Searching for news in ransomfeed...
2026-02-18 19:13:11,811 - INFO - No interesting news found in ransomfeed.
2026-02-18 19:13:11,811 - INFO - Searching for news in cisa...
2026-02-18 19:13:14,147 - INFO - No interesting news found in cisa.
2026-02-18 19:13:14,147 - INFO - Searching for news in nvd...
2026-02-18 19:13:15,924 - INFO - No interesting news found in nvd.
2026-02-18 19:13:15,925 - INFO - Searching for news in bleepingcomputer...
2026-02-18 19:13:16,077 - INFO - Found interesting news in bleepingcomputer (keyword: ransomware): Telegram channels expose rapid weaponization of SmarterMail flaws
2026-02-18 19:13:16,078 - INFO - Searching for news in krebsonsecurity...
2026-02-18 19:13:16,710 - INFO - No interesting news found in krebsonsecurity.
2026-02-18 19:13:16,710 - INFO - Searching for news in thehackernews...
2026-02-18 19:13:17,014 - INFO - No interesting news found in thehackernews.
2026-02-18 19:13:17,262 - INFO - Sent Telegram message: Title: 🏴‍☠️ Ransomhouse has just published a new victim : [Internal database pack 4] Warren County Sheriff’s Office
Keyword: incident
Link: https://www.ransomware.live/id/W0ludGVybmFsIGRhdGFiYXNlIHBhY2sgNF0gV2FycmVuIENvdW50eSBTaGVyaWZm4oCZcyBPZmZpY2VAcmFuc29taG91c2U=
2026-02-18 19:13:17,536 - INFO - Sent Telegram message: Title: Telegram channels expose rapid weaponization of SmarterMail flaws
Keyword: ransomware
Link: https://www.bleepingcomputer.com/news/security/telegram-channels-expose-rapid-weaponization-of-smartermail-flaws/
Message sent: Title: 🏴‍☠️ Ransomhouse has just published a new victim : [Internal database pack 4] Warren County Sheriff’s Office
Keyword: incident
Link: https://www.ransomware.live/id/W0ludGVybmFsIGRhdGFiYXNlIHBhY2sgNF0gV2FycmVuIENvdW50eSBTaGVyaWZm4oCZcyBPZmZpY2VAcmFuc29taG91c2U=
Message sent: Title: Telegram channels expose rapid weaponization of SmarterMail flaws
Keyword: ransomware
Link: https://www.bleepingcomputer.com/news/security/telegram-channels-expose-rapid-weaponization-of-smartermail-flaws/
Traceback (most recent call last):
  File "/home/pedro/dev/news_reader/news_reader_improved.py", line 15, in <module>
    from packages.email_sender import send_email
  File "/home/pedro/dev/news_reader/packages/email_sender.py", line 2, in <module>
    import yagmail
ModuleNotFoundError: No module named 'yagmail'
2026-02-19 00:00:02,796 - INFO - Searching for news in meneame...
2026-02-19 00:00:03,647 - INFO - No interesting news found in meneame.
2026-02-19 00:00:03,648 - INFO - Searching for news in pwned...
2026-02-19 00:00:04,846 - INFO - No interesting news found in pwned.
2026-02-19 00:00:04,847 - INFO - Searching for news in databreaches...
2026-02-19 00:00:05,746 - INFO - Found interesting news in databreaches (keyword: breach): Nigerian Man Sentenced to Eight Years in Prison for Computer Intrusion and Theft
2026-02-19 00:00:05,746 - INFO - Searching for news in haveibeenpwned...
2026-02-19 00:00:06,500 - INFO - No interesting news found in haveibeenpwned.
2026-02-19 00:00:06,501 - INFO - Searching for news in ransomware...
2026-02-19 00:00:07,525 - INFO - No interesting news found in ransomware.
2026-02-19 00:00:07,525 - INFO - Searching for news in ransomfeed...
2026-02-19 00:00:07,797 - INFO - No interesting news found in ransomfeed.
2026-02-19 00:00:07,798 - INFO - Searching for news in cisa...
2026-02-19 00:00:10,103 - INFO - No interesting news found in cisa.
2026-02-19 00:00:10,103 - INFO - Searching for news in nvd...
2026-02-19 00:00:11,851 - INFO - No interesting news found in nvd.
2026-02-19 00:00:11,851 - INFO - Searching for news in bleepingcomputer...
2026-02-19 00:00:12,009 - INFO - Found interesting news in bleepingcomputer (keyword: vulnerability): Critical infra Honeywell CCTVs vulnerable to auth bypass flaw
2026-02-19 00:00:12,009 - INFO - Searching for news in krebsonsecurity...
2026-02-19 00:00:12,638 - INFO - No interesting news found in krebsonsecurity.
2026-02-19 00:00:12,638 - INFO - Searching for news in thehackernews...
2026-02-19 00:00:13,052 - INFO - No interesting news found in thehackernews.
Traceback (most recent call last):
  File "/home/pedro/dev/news_reader/news_reader_improved.py", line 155, in <module>
    main()
    ~~~~^^
  File "/home/pedro/dev/news_reader/news_reader_improved.py", line 147, in main
    send_message(telegram_message)
    ~~~~~~~~~~~~^^^^^^^^^^^^^^^^^^
  File "/home/pedro/dev/news_reader/packages/telegram_sender.py", line 30, in send_message
    send_telegram_message(message)
    ~~~~~~~~~~~~~~~~~~~~~^^^^^^^^^
  File "/home/pedro/dev/news_reader/packages/telegram_sender.py", line 9, in send_telegram_message
    raise ValueError("TELEGRAM_BOT_TOKEN environment variable not set.")
ValueError: TELEGRAM_BOT_TOKEN environment variable not set.
2026-02-19 04:00:02,375 - INFO - Searching for news in meneame...
2026-02-19 04:00:03,319 - INFO - No interesting news found in meneame.
2026-02-19 04:00:03,319 - INFO - Searching for news in pwned...
2026-02-19 04:00:04,661 - INFO - No interesting news found in pwned.
2026-02-19 04:00:04,661 - INFO - Searching for news in databreaches...
2026-02-19 04:00:05,548 - INFO - No interesting news found in databreaches.
2026-02-19 04:00:05,549 - INFO - Searching for news in haveibeenpwned...
2026-02-19 04:00:05,876 - INFO - No interesting news found in haveibeenpwned.
2026-02-19 04:00:05,876 - INFO - Searching for news in ransomware...
2026-02-19 04:00:06,880 - INFO - Found interesting news in ransomware (keyword: leak): 🏴‍☠️ Incransom has just published a new victim : Valgo SA
2026-02-19 04:00:06,881 - INFO - Searching for news in ransomfeed...
2026-02-19 04:00:07,184 - INFO - No interesting news found in ransomfeed.
2026-02-19 04:00:07,185 - INFO - Searching for news in cisa...
2026-02-19 04:00:09,483 - INFO - No interesting news found in cisa.
2026-02-19 04:00:09,483 - INFO - Searching for news in nvd...
2026-02-19 04:00:11,262 - INFO - No interesting news found in nvd.
2026-02-19 04:00:11,262 - INFO - Searching for news in bleepingcomputer...
2026-02-19 04:00:11,415 - INFO - No interesting news found in bleepingcomputer.
2026-02-19 04:00:11,415 - INFO - Searching for news in krebsonsecurity...
2026-02-19 04:00:12,042 - INFO - No interesting news found in krebsonsecurity.
2026-02-19 04:00:12,043 - INFO - Searching for news in thehackernews...
2026-02-19 04:00:12,393 - INFO - No interesting news found in thehackernews.
Traceback (most recent call last):
  File "/home/pedro/dev/news_reader/news_reader_improved.py", line 155, in <module>
    main()
    ~~~~^^
  File "/home/pedro/dev/news_reader/news_reader_improved.py", line 147, in main
    send_message(telegram_message)
    ~~~~~~~~~~~~^^^^^^^^^^^^^^^^^^
  File "/home/pedro/dev/news_reader/packages/telegram_sender.py", line 30, in send_message
    send_telegram_message(message)
    ~~~~~~~~~~~~~~~~~~~~~^^^^^^^^^
  File "/home/pedro/dev/news_reader/packages/telegram_sender.py", line 9, in send_telegram_message
    raise ValueError("TELEGRAM_BOT_TOKEN environment variable not set.")
ValueError: TELEGRAM_BOT_TOKEN environment variable not set.
2026-02-19 08:00:02,758 - INFO - Searching for news in meneame...
2026-02-19 08:00:03,611 - INFO - No interesting news found in meneame.
2026-02-19 08:00:03,611 - INFO - Searching for news in pwned...
2026-02-19 08:00:04,743 - INFO - No interesting news found in pwned.
2026-02-19 08:00:04,743 - INFO - Searching for news in databreaches...
2026-02-19 08:00:05,558 - INFO - No interesting news found in databreaches.
2026-02-19 08:00:05,558 - INFO - Searching for news in haveibeenpwned...
2026-02-19 08:00:05,996 - INFO - No interesting news found in haveibeenpwned.
2026-02-19 08:00:05,996 - INFO - Searching for news in ransomware...
2026-02-19 08:00:06,930 - INFO - No interesting news found in ransomware.
2026-02-19 08:00:06,930 - INFO - Searching for news in ransomfeed...
2026-02-19 08:00:07,485 - INFO - No interesting news found in ransomfeed.
2026-02-19 08:00:07,486 - INFO - Searching for news in cisa...
2026-02-19 08:00:09,777 - INFO - No interesting news found in cisa.
2026-02-19 08:00:09,778 - INFO - Searching for news in nvd...
2026-02-19 08:00:11,677 - INFO - No interesting news found in nvd.
2026-02-19 08:00:11,677 - INFO - Searching for news in bleepingcomputer...
2026-02-19 08:00:11,847 - INFO - No interesting news found in bleepingcomputer.
2026-02-19 08:00:11,848 - INFO - Searching for news in krebsonsecurity...
2026-02-19 08:00:12,491 - INFO - No interesting news found in krebsonsecurity.
2026-02-19 08:00:12,491 - INFO - Searching for news in thehackernews...
2026-02-19 08:00:12,845 - INFO - No interesting news found in thehackernews.
2026-02-19 08:00:12,845 - INFO - No interesting news found across all feeds to send an email.
2026-02-19 10:00:02,073 - INFO - Searching for news in meneame...
2026-02-19 10:00:02,955 - INFO - No interesting news found in meneame.
2026-02-19 10:00:02,956 - INFO - Searching for news in pwned...
2026-02-19 10:00:04,893 - INFO - No interesting news found in pwned.
2026-02-19 10:00:04,894 - INFO - Searching for news in databreaches...
2026-02-19 10:00:05,682 - INFO - No interesting news found in databreaches.
2026-02-19 10:00:05,682 - INFO - Searching for news in haveibeenpwned...
2026-02-19 10:00:06,167 - INFO - No interesting news found in haveibeenpwned.
2026-02-19 10:00:06,168 - INFO - Searching for news in ransomware...
2026-02-19 10:00:07,188 - INFO - No interesting news found in ransomware.
2026-02-19 10:00:07,188 - INFO - Searching for news in ransomfeed...
2026-02-19 10:00:07,442 - INFO - No interesting news found in ransomfeed.
2026-02-19 10:00:07,442 - INFO - Searching for news in cisa...
2026-02-19 10:00:09,792 - INFO - No interesting news found in cisa.
2026-02-19 10:00:09,792 - INFO - Searching for news in nvd...
2026-02-19 10:00:11,700 - INFO - No interesting news found in nvd.
2026-02-19 10:00:11,701 - INFO - Searching for news in bleepingcomputer...
2026-02-19 10:00:11,862 - INFO - No interesting news found in bleepingcomputer.
2026-02-19 10:00:11,862 - INFO - Searching for news in krebsonsecurity...
2026-02-19 10:00:12,506 - INFO - No interesting news found in krebsonsecurity.
2026-02-19 10:00:12,506 - INFO - Searching for news in thehackernews...
2026-02-19 10:00:12,951 - INFO - No interesting news found in thehackernews.
2026-02-19 10:00:12,951 - INFO - No interesting news found across all feeds to send an email.
